<?xml version="1.0" encoding="UTF-8"?>
<!-- Generated by org.testng.reporters.JUnitReportReporter -->
<testsuite hostname="DESKTOP-FAF54ES" failures="0" tests="1" name="com.mystore.testcases.AddtoCartPageTest" time="48.260" errors="0" timestamp="2022-06-25T10:31:47 PDT" skipped="0">
  <testcase classname="com.mystore.testcases.AddtoCartPageTest" name="AddtoCartTest" time="48.260"/>
  <system-out/>
</testsuite> <!-- com.mystore.testcases.AddtoCartPageTest -->
