<?xml version="1.0" encoding="UTF-8"?>
<!-- Generated by org.testng.reporters.JUnitReportReporter -->
<testsuite hostname="DESKTOP-FAF54ES" failures="0" tests="2" name="com.mystore.testcases.IndexPageTest" time="56.302" errors="0" timestamp="2022-06-25T06:41:10 PDT" skipped="0">
  <testcase classname="com.mystore.testcases.IndexPageTest" name="verifyLogo" time="30.445"/>
  <system-out/>
  <testcase classname="com.mystore.testcases.IndexPageTest" name="getMyStoreTitle" time="25.857"/>
  <system-out/>
</testsuite> <!-- com.mystore.testcases.IndexPageTest -->
