<?xml version="1.0" encoding="UTF-8"?>
<!-- Generated by org.testng.reporters.JUnitReportReporter -->
<testsuite hostname="DESKTOP-FAF54ES" failures="0" tests="1" name="com.mystore.testcases.LoginPageTest" time="59.446" errors="0" timestamp="2022-06-25T07:10:35 PDT" skipped="0">
  <testcase classname="com.mystore.testcases.LoginPageTest" name="validateLogin" time="59.446"/>
  <system-out/>
</testsuite> <!-- com.mystore.testcases.LoginPageTest -->
