<?xml version="1.0" encoding="UTF-8"?>
<!-- Generated by org.testng.reporters.JUnitReportReporter -->
<testsuite hostname="DESKTOP-FAF54ES" failures="0" tests="1" name="com.mystore.testcases.EndtoEndTest" time="67.437" errors="0" timestamp="2022-06-25T11:24:52 PDT" skipped="0">
  <testcase classname="com.mystore.testcases.EndtoEndTest" name="endtoEndTest" time="67.437"/>
  <system-out/>
</testsuite> <!-- com.mystore.testcases.EndtoEndTest -->
