<?xml version="1.0" encoding="UTF-8"?>
<!-- Generated by org.testng.reporters.JUnitReportReporter -->
<testsuite hostname="DESKTOP-FAF54ES" failures="0" tests="1" name="com.mystore.testcases.SearchResultPageTest" time="26.265" errors="0" timestamp="2022-06-25T10:13:30 PDT" skipped="0">
  <testcase classname="com.mystore.testcases.SearchResultPageTest" name="verifyProductAvailability" time="26.265"/>
  <system-out/>
</testsuite> <!-- com.mystore.testcases.SearchResultPageTest -->
