<?xml version="1.0" encoding="UTF-8"?>
<!-- Generated by org.testng.reporters.JUnitReportReporter -->
<testsuite hostname="DESKTOP-FAF54ES" failures="0" tests="1" name="com.mystore.testcases.AddtoCartPageTest" time="36.511" errors="0" timestamp="2022-06-26T13:30:06 PDT" skipped="0">
  <testcase classname="com.mystore.testcases.AddtoCartPageTest" name="AddtoCartTest" time="36.511"/>
  <system-out/>
</testsuite> <!-- com.mystore.testcases.AddtoCartPageTest -->
