<?xml version="1.0" encoding="UTF-8"?>
<!-- Generated by org.testng.reporters.JUnitReportReporter -->
<testsuite hostname="DESKTOP-FAF54ES" failures="0" tests="2" name="com.mystore.testcases.HomePageTest" time="50.820" errors="0" timestamp="2022-06-25T09:42:10 PDT" skipped="0">
  <testcase classname="com.mystore.testcases.HomePageTest" name="OrderHistoryTest" time="29.604"/>
  <system-out/>
  <testcase classname="com.mystore.testcases.HomePageTest" name="wishListTest" time="21.216"/>
  <system-out/>
</testsuite> <!-- com.mystore.testcases.HomePageTest -->
