<?xml version="1.0" encoding="UTF-8"?>
<!-- Generated by org.testng.reporters.JUnitReportReporter -->
<testsuite hostname="DESKTOP-FAF54ES" failures="0" tests="1" name="com.mystore.testcases.OrderPageTest" time="44.065" errors="0" timestamp="2022-06-25T10:59:29 PDT" skipped="0">
  <testcase classname="com.mystore.testcases.OrderPageTest" name="verifyTotlaPrice" time="44.065"/>
  <system-out/>
</testsuite> <!-- com.mystore.testcases.OrderPageTest -->
